16:50:38.191 [main] INFO  o.s.b.w.s.c.AnnotationConfigServletWebServerApplicationContext - Refreshing org.springframework.boot.web.servlet.context.AnnotationConfigServletWebServerApplicationContext@710b30ef: startup date [Wed Dec 25 16:50:38 CST 2019]; root of context hierarchy
16:50:39.684 [main] INFO  o.s.b.w.e.tomcat.TomcatWebServer - Tomcat initialized with port(s): 8082 (http)
16:50:39.703 [main] INFO  o.a.coyote.http11.Http11NioProtocol - Initializing ProtocolHandler ["http-nio-8082"]
16:50:39.715 [main] INFO  o.a.catalina.core.StandardService - Starting service [Tomcat]
16:50:39.715 [main] INFO  o.a.catalina.core.StandardEngine - Starting Servlet Engine: Apache Tomcat/8.5.31
16:50:39.719 [localhost-startStop-1] INFO  o.a.c.core.AprLifecycleListener - The APR based Apache Tomcat Native library which allows optimal performance in production environments was not found on the java.library.path: [/Users/humingrui/Library/Java/Extensions:/Library/Java/Extensions:/Network/Library/Java/Extensions:/System/Library/Java/Extensions:/usr/lib/java:.]
16:50:39.827 [localhost-startStop-1] INFO  o.a.c.c.C.[Tomcat].[localhost].[/] - Initializing Spring embedded WebApplicationContext
16:50:39.827 [localhost-startStop-1] INFO  o.s.web.context.ContextLoader - Root WebApplicationContext: initialization completed in 1636 ms
16:50:39.953 [localhost-startStop-1] INFO  o.s.b.w.s.ServletRegistrationBean - Servlet dispatcherServlet mapped to [/]
16:50:39.961 [localhost-startStop-1] INFO  o.s.b.w.s.FilterRegistrationBean - Mapping filter: 'characterEncodingFilter' to: [/*]
16:50:39.961 [localhost-startStop-1] INFO  o.s.b.w.s.FilterRegistrationBean - Mapping filter: 'hiddenHttpMethodFilter' to: [/*]
16:50:39.961 [localhost-startStop-1] INFO  o.s.b.w.s.FilterRegistrationBean - Mapping filter: 'httpPutFormContentFilter' to: [/*]
16:50:39.961 [localhost-startStop-1] INFO  o.s.b.w.s.FilterRegistrationBean - Mapping filter: 'requestContextFilter' to: [/*]
16:50:40.310 [main] INFO  o.s.w.s.h.SimpleUrlHandlerMapping - Mapped URL path [/**/favicon.ico] onto handler of type [class org.springframework.web.servlet.resource.ResourceHttpRequestHandler]
16:50:40.514 [main] INFO  o.s.w.s.m.m.a.RequestMappingHandlerAdapter - Looking for @ControllerAdvice: org.springframework.boot.web.servlet.context.AnnotationConfigServletWebServerApplicationContext@710b30ef: startup date [Wed Dec 25 16:50:38 CST 2019]; root of context hierarchy
16:50:40.595 [main] INFO  o.s.w.s.m.m.a.RequestMappingHandlerMapping - Mapped "{[/cloudwise/upload]}" onto public com.cloudwise.project.vo.ResultMessage com.cloudwise.project.controller.FileInfoController.uploadFile(org.springframework.web.multipart.MultipartFile[]) throws java.io.IOException
16:50:40.597 [main] INFO  o.s.w.s.m.m.a.RequestMappingHandlerMapping - Mapped "{[/cloudwise/delete]}" onto public com.cloudwise.project.vo.ResultMessage com.cloudwise.project.controller.FileInfoController.deleteFile(java.lang.String)
16:50:40.598 [main] INFO  o.s.w.s.m.m.a.RequestMappingHandlerMapping - Mapped "{[/cloudwise/getAllfile]}" onto public com.cloudwise.project.vo.ResultMessage com.cloudwise.project.controller.FileInfoController.getAllfile()
16:50:40.598 [main] INFO  o.s.w.s.m.m.a.RequestMappingHandlerMapping - Mapped "{[/cloudwise/download]}" onto public javax.servlet.http.HttpServletResponse com.cloudwise.project.controller.FileInfoController.download(java.lang.String,javax.servlet.http.HttpServletResponse) throws java.lang.Exception
16:50:40.600 [main] INFO  o.s.w.s.m.m.a.RequestMappingHandlerMapping - Mapped "{[/error]}" onto public org.springframework.http.ResponseEntity<java.util.Map<java.lang.String, java.lang.Object>> org.springframework.boot.autoconfigure.web.servlet.error.BasicErrorController.error(javax.servlet.http.HttpServletRequest)
16:50:40.600 [main] INFO  o.s.w.s.m.m.a.RequestMappingHandlerMapping - Mapped "{[/error],produces=[text/html]}" onto public org.springframework.web.servlet.ModelAndView org.springframework.boot.autoconfigure.web.servlet.error.BasicErrorController.errorHtml(javax.servlet.http.HttpServletRequest,javax.servlet.http.HttpServletResponse)
16:50:40.628 [main] INFO  o.s.w.s.h.SimpleUrlHandlerMapping - Mapped URL path [/webjars/**] onto handler of type [class org.springframework.web.servlet.resource.ResourceHttpRequestHandler]
16:50:40.628 [main] INFO  o.s.w.s.h.SimpleUrlHandlerMapping - Mapped URL path [/**] onto handler of type [class org.springframework.web.servlet.resource.ResourceHttpRequestHandler]
16:50:40.701 [main] WARN  o.s.b.a.t.ThymeleafAutoConfiguration$DefaultTemplateResolverConfiguration - Cannot find template location: classpath:/templates/ (please add some templates or check your Thymeleaf configuration)
16:50:41.040 [main] INFO  com.zaxxer.hikari.HikariDataSource - HikariPool-1 - Starting...
16:50:41.803 [main] INFO  com.zaxxer.hikari.HikariDataSource - HikariPool-1 - Start completed.
16:50:41.848 [main] INFO  org.quartz.impl.StdSchedulerFactory - Using default implementation for ThreadExecutor
16:50:41.857 [main] INFO  o.quartz.core.SchedulerSignalerImpl - Initialized Scheduler Signaller of type: class org.quartz.core.SchedulerSignalerImpl
16:50:41.857 [main] INFO  org.quartz.core.QuartzScheduler - Quartz Scheduler v.2.3.0 created.
16:50:41.858 [main] INFO  org.quartz.simpl.RAMJobStore - RAMJobStore initialized.
16:50:41.859 [main] INFO  org.quartz.core.QuartzScheduler - Scheduler meta-data: Quartz Scheduler (v2.3.0) 'quartzScheduler' with instanceId 'NON_CLUSTERED'
  Scheduler class: 'org.quartz.core.QuartzScheduler' - running locally.
  NOT STARTED.
  Currently in standby mode.
  Number of jobs executed: 0
  Using thread pool 'org.quartz.simpl.SimpleThreadPool' - with 10 threads.
  Using job-store 'org.quartz.simpl.RAMJobStore' - which does not support persistence. and is not clustered.

16:50:41.859 [main] INFO  org.quartz.impl.StdSchedulerFactory - Quartz scheduler 'quartzScheduler' initialized from an externally provided properties instance.
16:50:41.859 [main] INFO  org.quartz.impl.StdSchedulerFactory - Quartz scheduler version: 2.3.0
16:50:41.859 [main] INFO  org.quartz.core.QuartzScheduler - JobFactory set to: org.springframework.boot.autoconfigure.quartz.AutowireCapableBeanJobFactory@7ac48e10
16:50:41.936 [main] INFO  o.s.j.e.a.AnnotationMBeanExporter - Registering beans for JMX exposure on startup
16:50:41.937 [main] INFO  o.s.j.e.a.AnnotationMBeanExporter - Bean with name 'dataSource' has been autodetected for JMX exposure
16:50:41.942 [main] INFO  o.s.j.e.a.AnnotationMBeanExporter - Located MBean 'dataSource': registering with JMX server as MBean [com.zaxxer.hikari:name=dataSource,type=HikariDataSource]
16:50:41.947 [main] INFO  o.s.c.s.DefaultLifecycleProcessor - Starting beans in phase 2147483647
16:50:41.947 [main] INFO  o.s.s.quartz.SchedulerFactoryBean - Starting Quartz Scheduler now
16:50:41.948 [main] INFO  org.quartz.core.QuartzScheduler - Scheduler quartzScheduler_$_NON_CLUSTERED started.
16:50:41.955 [main] INFO  o.a.coyote.http11.Http11NioProtocol - Starting ProtocolHandler ["http-nio-8082"]
16:50:41.972 [main] INFO  o.a.tomcat.util.net.NioSelectorPool - Using a shared selector for servlet write/read
16:50:41.991 [main] INFO  o.s.b.w.e.tomcat.TomcatWebServer - Tomcat started on port(s): 8082 (http) with context path ''
16:51:06.126 [Thread-52] INFO  o.s.b.w.s.c.AnnotationConfigServletWebServerApplicationContext - Closing org.springframework.boot.web.servlet.context.AnnotationConfigServletWebServerApplicationContext@710b30ef: startup date [Wed Dec 25 16:50:38 CST 2019]; root of context hierarchy
16:51:06.133 [Thread-52] INFO  o.s.c.s.DefaultLifecycleProcessor - Stopping beans in phase 2147483647
16:51:06.135 [Thread-52] INFO  org.quartz.core.QuartzScheduler - Scheduler quartzScheduler_$_NON_CLUSTERED paused.
16:51:06.137 [Thread-52] INFO  o.s.s.quartz.SchedulerFactoryBean - Shutting down Quartz Scheduler
16:51:06.138 [Thread-52] INFO  org.quartz.core.QuartzScheduler - Scheduler quartzScheduler_$_NON_CLUSTERED shutting down.
16:51:06.138 [Thread-52] INFO  org.quartz.core.QuartzScheduler - Scheduler quartzScheduler_$_NON_CLUSTERED paused.
16:51:06.138 [Thread-52] INFO  org.quartz.core.QuartzScheduler - Scheduler quartzScheduler_$_NON_CLUSTERED shutdown complete.
16:51:06.140 [Thread-52] INFO  o.s.j.e.a.AnnotationMBeanExporter - Unregistering JMX-exposed beans on shutdown
16:51:06.146 [Thread-52] INFO  o.s.j.e.a.AnnotationMBeanExporter - Unregistering JMX-exposed beans
16:51:06.150 [Thread-52] INFO  com.zaxxer.hikari.HikariDataSource - HikariPool-1 - Shutdown initiated...
16:51:06.164 [Thread-52] INFO  com.zaxxer.hikari.HikariDataSource - HikariPool-1 - Shutdown completed.
